<?xml version="1.0" encoding="UTF-8"?>
<!-- Generated by org.testng.reporters.JUnitXMLReporter -->
<testsuite hostname="Abduls-MacBook-Air.local" ignored="0" name="Test" tests="3" failures="0" timestamp="23 Apr 2020 07:33:10 GMT" time="26.325" errors="0">
  <testcase name="PageTitleTest" time="0.025" classname="com.php.qa.testcases.LoginPageTest"/>
  <testcase name="LogoTest" time="0.264" classname="com.php.qa.testcases.LoginPageTest"/>
  <testcase name="LoginTest" time="6.838" classname="com.php.qa.testcases.LoginPageTest"/>
</testsuite> <!-- Test -->
