<?xml version="1.0" encoding="UTF-8"?>
<!-- Generated by org.testng.reporters.JUnitXMLReporter -->
<testsuite hostname="Abduls-MacBook-Air.local" ignored="0" name="CRM Demo Application" tests="3" failures="0" timestamp="23 Apr 2020 07:39:18 GMT" time="29.359" errors="0">
  <testcase name="PageTitleTest" time="0.119" classname="com.php.qa.testcases.LoginPageTest"/>
  <testcase name="LogoTest" time="0.121" classname="com.php.qa.testcases.LoginPageTest"/>
  <testcase name="LoginTest" time="5.965" classname="com.php.qa.testcases.LoginPageTest"/>
</testsuite> <!-- CRM Demo Application -->
