<?xml version="1.0" encoding="UTF-8"?>
<testng-results skipped="0" failed="0" ignored="0" total="1" passed="1">
  <reporter-output>
  </reporter-output>
  <suite name="Default suite" duration-ms="12622" started-at="2020-04-24T07:57:29Z" finished-at="2020-04-24T07:57:41Z">
    <groups>
    </groups>
    <test name="Default test" duration-ms="12622" started-at="2020-04-24T07:57:29Z" finished-at="2020-04-24T07:57:41Z">
      <class name="com.php.qa.testcases.DemoLoginPage">
        <test-method status="PASS" signature="setUp()[pri:0, instance:com.php.qa.testcases.DemoLoginPage@15761df8]" name="setUp" is-config="true" duration-ms="6572" started-at="2020-04-24T07:57:29Z" finished-at="2020-04-24T07:57:35Z">
          <reporter-output>
          </reporter-output>
        </test-method> <!-- setUp -->
        <test-method status="PASS" signature="LoginTest()[pri:1, instance:com.php.qa.testcases.DemoLoginPage@15761df8]" name="LoginTest" duration-ms="5832" started-at="2020-04-24T07:57:35Z" finished-at="2020-04-24T07:57:41Z">
          <reporter-output>
          </reporter-output>
        </test-method> <!-- LoginTest -->
        <test-method status="PASS" signature="teardown()[pri:0, instance:com.php.qa.testcases.DemoLoginPage@15761df8]" name="teardown" is-config="true" duration-ms="178" started-at="2020-04-24T07:57:41Z" finished-at="2020-04-24T07:57:41Z">
          <reporter-output>
          </reporter-output>
        </test-method> <!-- teardown -->
      </class> <!-- com.php.qa.testcases.DemoLoginPage -->
    </test> <!-- Default test -->
  </suite> <!-- Default suite -->
</testng-results>
